TN:
SF:/Users/kuwabara_yuki/workspace/git/scene-graph/packages/scene-graph-unity/client/src/asset/UnityAssetFile.ts
FN:1,(anonymous_0)
FN:19,UnityAssetFile
FN:5,(anonymous_2)
FN:8,(anonymous_3)
FN:12,(anonymous_4)
FNF:5
FNH:2
FNDA:1,(anonymous_0)
FNDA:0,UnityAssetFile
FNDA:0,(anonymous_2)
FNDA:0,(anonymous_3)
FNDA:4,(anonymous_4)
DA:1,1
DA:2,1
DA:3,1
DA:5,1
DA:6,0
DA:8,1
DA:9,0
DA:12,1
DA:13,4
DA:16,0
DA:17,0
DA:20,0
DA:21,0
DA:23,1
LF:14
LH:8
BRF:0
BRH:0
end_of_record
TN:
SF:/Users/kuwabara_yuki/workspace/git/scene-graph/packages/scene-graph-unity/client/src/exporter/asset/DefaultAssetExporter.ts
FN:10,(anonymous_0)
FN:15,(anonymous_2)
FN:22,(anonymous_3)
FN:31,(anonymous_4)
FN:34,(anonymous_5)
FN:35,(anonymous_6)
FN:63,(anonymous_7)
FN:75,(anonymous_8)
FN:76,(anonymous_9)
FN:86,(anonymous_10)
FN:94,(anonymous_11)
FN:95,(anonymous_12)
FN:96,(anonymous_13)
FN:107,(anonymous_14)
FN:115,(anonymous_15)
FN:120,(anonymous_16)
FN:131,(anonymous_17)
FNF:17
FNH:16
FNDA:2,(anonymous_0)
FNDA:2,(anonymous_2)
FNDA:3,(anonymous_3)
FNDA:3,(anonymous_4)
FNDA:6,(anonymous_5)
FNDA:6,(anonymous_6)
FNDA:6,(anonymous_7)
FNDA:4,(anonymous_8)
FNDA:0,(anonymous_9)
FNDA:3,(anonymous_10)
FNDA:1,(anonymous_11)
FNDA:2,(anonymous_12)
FNDA:3,(anonymous_13)
FNDA:1,(anonymous_14)
FNDA:13,(anonymous_15)
FNDA:4,(anonymous_16)
FNDA:8,(anonymous_17)
DA:1,1
DA:10,1
DA:15,1
DA:16,2
DA:22,3
DA:29,3
DA:31,3
DA:32,3
DA:34,3
DA:35,6
DA:36,6
DA:37,6
DA:38,3
DA:39,3
DA:40,3
DA:41,3
DA:42,3
DA:43,3
DA:46,6
DA:53,6
DA:56,6
DA:60,3
DA:63,6
DA:71,6
DA:72,2
DA:75,4
DA:76,4
DA:77,0
DA:78,0
DA:86,3
DA:94,3
DA:95,1
DA:96,2
DA:97,3
DA:98,3
DA:99,3
DA:105,3
DA:107,1
DA:108,1
DA:115,1
DA:116,13
DA:117,13
DA:118,10
DA:119,10
DA:120,4
DA:121,4
DA:131,1
DA:136,9
DA:138,8
DA:139,8
DA:145,1
LF:51
LH:49
BRDA:37,0,0,3
BRDA:37,0,1,3
BRDA:39,1,0,3
BRDA:39,1,1,0
BRDA:71,2,0,2
BRDA:71,2,1,4
BRDA:98,3,0,3
BRDA:98,3,1,0
BRDA:105,4,0,2
BRDA:105,4,1,1
BRDA:116,5,0,13
BRDA:116,5,1,0
BRDA:117,6,0,10
BRDA:117,6,1,3
BRDA:119,7,0,4
BRDA:119,7,1,6
BRDA:136,8,0,1
BRDA:136,8,1,7
BRDA:138,9,0,8
BRDA:138,9,1,4
BRF:20
BRH:17
end_of_record
TN:
SF:/Users/kuwabara_yuki/workspace/git/scene-graph/packages/scene-graph-unity/client/src/exporter/scene/DefaultSceneExporter.ts
FN:14,(anonymous_0)
FN:21,(anonymous_2)
FN:36,(anonymous_3)
FN:48,(anonymous_4)
FN:64,(anonymous_5)
FN:74,(anonymous_6)
FN:92,(anonymous_7)
FN:100,(anonymous_8)
FN:109,(anonymous_9)
FN:149,(anonymous_10)
FN:177,(anonymous_11)
FN:187,(anonymous_12)
FN:195,(anonymous_13)
FN:198,(anonymous_14)
FN:219,(anonymous_15)
FN:220,(anonymous_16)
FN:244,(anonymous_17)
FN:256,(anonymous_18)
FN:271,(anonymous_19)
FN:278,(anonymous_20)
FN:287,(anonymous_21)
FN:302,(anonymous_22)
FN:355,(anonymous_23)
FN:360,(anonymous_24)
FN:361,(anonymous_25)
FNF:25
FNH:13
FNDA:3,(anonymous_0)
FNDA:5,(anonymous_2)
FNDA:4,(anonymous_3)
FNDA:4,(anonymous_4)
FNDA:0,(anonymous_5)
FNDA:0,(anonymous_6)
FNDA:0,(anonymous_7)
FNDA:0,(anonymous_8)
FNDA:0,(anonymous_9)
FNDA:2,(anonymous_10)
FNDA:3,(anonymous_11)
FNDA:3,(anonymous_12)
FNDA:4,(anonymous_13)
FNDA:4,(anonymous_14)
FNDA:0,(anonymous_15)
FNDA:0,(anonymous_16)
FNDA:0,(anonymous_17)
FNDA:0,(anonymous_18)
FNDA:2,(anonymous_19)
FNDA:9380,(anonymous_20)
FNDA:9380,(anonymous_21)
FNDA:9380,(anonymous_22)
FNDA:0,(anonymous_23)
FNDA:0,(anonymous_24)
FNDA:0,(anonymous_25)
DA:1,1
DA:2,1
DA:6,1
DA:8,1
DA:9,1
DA:14,1
DA:16,2
DA:21,1
DA:22,5
DA:36,4
DA:41,4
DA:43,4
DA:44,4
DA:46,4
DA:48,4
DA:49,4
DA:50,4
DA:51,4
DA:53,4
DA:54,2
DA:58,4
DA:64,1
DA:65,0
DA:67,0
DA:69,0
DA:71,0
DA:74,0
DA:75,0
DA:76,0
DA:77,0
DA:78,0
DA:79,0
DA:80,0
DA:81,0
DA:83,0
DA:84,0
DA:88,0
DA:90,0
DA:92,0
DA:93,0
DA:94,0
DA:97,0
DA:100,1
DA:107,0
DA:109,0
DA:110,0
DA:111,0
DA:112,0
DA:113,0
DA:116,0
DA:117,0
DA:119,0
DA:120,0
DA:123,0
DA:124,0
DA:127,0
DA:128,0
DA:129,0
DA:132,0
DA:133,0
DA:134,0
DA:137,0
DA:143,0
DA:149,1
DA:150,2
DA:169,2
DA:171,2
DA:177,1
DA:183,3
DA:184,0
DA:187,3
DA:188,3
DA:195,1
DA:196,4
DA:198,4
DA:199,4
DA:200,4
DA:201,4
DA:204,0
DA:206,0
DA:207,0
DA:208,0
DA:209,0
DA:212,0
DA:216,4
DA:219,1
DA:220,0
DA:221,0
DA:222,0
DA:225,0
DA:226,0
DA:230,0
DA:231,0
DA:235,0
DA:236,0
DA:237,0
DA:239,0
DA:244,1
DA:245,0
DA:246,0
DA:247,0
DA:250,0
DA:251,0
DA:252,0
DA:255,0
DA:256,0
DA:257,0
DA:258,0
DA:259,0
DA:262,0
DA:263,0
DA:264,0
DA:267,0
DA:271,2
DA:278,2
DA:279,9380
DA:280,9380
DA:281,0
DA:286,2
DA:287,2
DA:288,9380
DA:289,9380
DA:290,9380
DA:291,0
DA:292,0
DA:297,0
DA:298,0
DA:302,2
DA:303,9380
DA:305,9380
DA:307,0
DA:308,0
DA:309,0
DA:310,0
DA:312,0
DA:328,0
DA:329,0
DA:332,0
DA:333,0
DA:336,0
DA:337,0
DA:338,0
DA:339,0
DA:342,0
DA:347,0
DA:348,0
DA:350,0
DA:351,0
DA:354,0
DA:355,0
DA:356,0
DA:357,0
DA:358,0
DA:360,0
DA:361,0
DA:362,0
DA:363,0
DA:364,0
DA:366,0
DA:367,0
DA:368,0
DA:370,0
DA:378,0
DA:379,0
DA:383,9380
DA:387,1
LF:166
LH:54
BRDA:53,0,0,2
BRDA:53,0,1,2
BRDA:78,1,0,0
BRDA:78,1,1,0
BRDA:83,2,0,0
BRDA:83,2,1,0
BRDA:112,3,0,0
BRDA:112,3,1,0
BRDA:112,4,0,0
BRDA:112,4,1,0
BRDA:119,5,0,0
BRDA:119,5,1,0
BRDA:123,6,0,0
BRDA:123,6,1,0
BRDA:128,7,0,0
BRDA:128,7,1,0
BRDA:133,8,0,0
BRDA:133,8,1,0
BRDA:183,9,0,0
BRDA:183,9,1,3
BRDA:200,10,0,4
BRDA:200,10,1,0
BRDA:223,11,0,0
BRDA:223,11,1,0
BRDA:223,11,2,0
BRDA:223,11,3,0
BRDA:246,12,0,0
BRDA:246,12,1,0
BRDA:250,13,0,0
BRDA:250,13,1,0
BRDA:251,14,0,0
BRDA:251,14,1,0
BRDA:255,15,0,0
BRDA:255,15,1,0
BRDA:258,16,0,0
BRDA:258,16,1,0
BRDA:263,17,0,0
BRDA:263,17,1,0
BRDA:280,18,0,0
BRDA:280,18,1,9380
BRDA:290,19,0,0
BRDA:290,19,1,9380
BRDA:306,20,0,0
BRDA:306,20,1,0
BRDA:306,20,2,0
BRDA:306,20,3,0
BRDA:306,20,4,9380
BRDA:309,21,0,0
BRDA:309,21,1,0
BRDA:332,22,0,0
BRDA:332,22,1,0
BRDA:332,23,0,0
BRDA:332,23,1,0
BRDA:338,24,0,0
BRDA:338,24,1,0
BRDA:350,25,0,0
BRDA:350,25,1,0
BRDA:354,26,0,0
BRDA:354,26,1,0
BRDA:363,27,0,0
BRDA:363,27,1,0
BRDA:367,28,0,0
BRDA:367,28,1,0
BRF:63
BRH:7
end_of_record
TN:
SF:/Users/kuwabara_yuki/workspace/git/scene-graph/packages/scene-graph-unity/client/src/interface/Unity.ts
FN:51,(anonymous_0)
FNF:1
FNH:1
FNDA:1,(anonymous_0)
DA:51,1
DA:52,1
LF:2
LH:2
BRDA:51,0,0,1
BRDA:51,0,1,1
BRF:2
BRH:2
end_of_record
TN:
SF:/Users/kuwabara_yuki/workspace/git/scene-graph/packages/scene-graph-unity/client/test/exporter/asset/Unity.test.ts
FN:69,(anonymous_0)
FN:70,(anonymous_1)
FN:77,(anonymous_2)
FN:80,(anonymous_3)
FN:83,(anonymous_4)
FN:89,(anonymous_5)
FN:92,(anonymous_6)
FN:93,(anonymous_7)
FN:101,(anonymous_8)
FN:111,(anonymous_9)
FN:112,(anonymous_10)
FN:123,(anonymous_11)
FN:133,(anonymous_12)
FN:136,(anonymous_13)
FN:137,(anonymous_14)
FN:139,(anonymous_15)
FN:150,(anonymous_16)
FN:151,(anonymous_17)
FN:152,(anonymous_18)
FN:154,(anonymous_19)
FN:168,(anonymous_20)
FN:169,(anonymous_21)
FN:182,(anonymous_22)
FN:183,(anonymous_23)
FN:193,(anonymous_24)
FN:204,(anonymous_25)
FN:210,(anonymous_26)
FN:212,(anonymous_27)
FN:220,(anonymous_28)
FN:222,(anonymous_29)
FN:230,(anonymous_30)
FN:232,(anonymous_31)
FN:240,(anonymous_32)
FN:242,(anonymous_33)
FN:251,(anonymous_34)
FN:260,(anonymous_35)
FN:263,(anonymous_36)
FN:266,(anonymous_37)
FN:271,(anonymous_38)
FN:278,(anonymous_39)
FN:281,(anonymous_40)
FN:284,(anonymous_41)
FN:289,(anonymous_42)
FNF:43
FNH:40
FNDA:0,(anonymous_0)
FNDA:4,(anonymous_1)
FNDA:1,(anonymous_2)
FNDA:1,(anonymous_3)
FNDA:1,(anonymous_4)
FNDA:1,(anonymous_5)
FNDA:1,(anonymous_6)
FNDA:1,(anonymous_7)
FNDA:1,(anonymous_8)
FNDA:1,(anonymous_9)
FNDA:1,(anonymous_10)
FNDA:1,(anonymous_11)
FNDA:1,(anonymous_12)
FNDA:1,(anonymous_13)
FNDA:1,(anonymous_14)
FNDA:1,(anonymous_15)
FNDA:1,(anonymous_16)
FNDA:1,(anonymous_17)
FNDA:0,(anonymous_18)
FNDA:0,(anonymous_19)
FNDA:1,(anonymous_20)
FNDA:1,(anonymous_21)
FNDA:1,(anonymous_22)
FNDA:1,(anonymous_23)
FNDA:1,(anonymous_24)
FNDA:1,(anonymous_25)
FNDA:1,(anonymous_26)
FNDA:1,(anonymous_27)
FNDA:1,(anonymous_28)
FNDA:1,(anonymous_29)
FNDA:1,(anonymous_30)
FNDA:1,(anonymous_31)
FNDA:1,(anonymous_32)
FNDA:1,(anonymous_33)
FNDA:1,(anonymous_34)
FNDA:1,(anonymous_35)
FNDA:1,(anonymous_36)
FNDA:1,(anonymous_37)
FNDA:1,(anonymous_38)
FNDA:1,(anonymous_39)
FNDA:1,(anonymous_40)
FNDA:1,(anonymous_41)
FNDA:1,(anonymous_42)
DA:2,1
DA:3,1
DA:4,1
DA:8,1
DA:10,1
DA:11,1
DA:13,1
DA:28,1
DA:53,1
DA:68,1
DA:71,4
DA:75,1
DA:77,1
DA:78,1
DA:80,1
DA:81,1
DA:83,1
DA:84,1
DA:85,1
DA:89,1
DA:90,1
DA:92,1
DA:93,1
DA:94,1
DA:96,1
DA:97,1
DA:99,1
DA:101,1
DA:102,1
DA:104,1
DA:105,1
DA:107,1
DA:111,1
DA:112,1
DA:113,1
DA:115,1
DA:116,1
DA:118,1
DA:123,1
DA:124,1
DA:125,1
DA:127,1
DA:133,1
DA:134,1
DA:136,1
DA:137,1
DA:139,1
DA:140,1
DA:142,1
DA:147,1
DA:150,1
DA:151,1
DA:152,1
DA:154,1
DA:155,0
DA:157,0
DA:162,0
DA:168,1
DA:169,1
DA:170,1
DA:172,1
DA:178,1
DA:182,1
DA:183,1
DA:184,1
DA:186,1
DA:188,1
DA:193,1
DA:194,1
DA:195,1
DA:204,1
DA:205,1
DA:206,1
DA:207,1
DA:210,1
DA:211,1
DA:212,1
DA:213,1
DA:214,1
DA:217,1
DA:220,1
DA:221,1
DA:222,1
DA:223,1
DA:224,1
DA:227,1
DA:230,1
DA:231,1
DA:232,1
DA:233,1
DA:234,1
DA:237,1
DA:240,1
DA:241,1
DA:242,1
DA:243,1
DA:244,1
DA:247,1
DA:251,1
DA:252,1
DA:260,1
DA:261,1
DA:263,1
DA:264,1
DA:266,1
DA:267,1
DA:268,1
DA:269,1
DA:271,1
DA:272,1
DA:273,1
DA:274,1
DA:278,1
DA:279,1
DA:281,1
DA:282,1
DA:284,1
DA:285,1
DA:286,1
DA:287,1
DA:289,1
DA:290,1
DA:291,1
DA:292,1
LF:124
LH:121
BRF:0
BRH:0
end_of_record
TN:
SF:/Users/kuwabara_yuki/workspace/git/scene-graph/packages/scene-graph-unity/client/test/exporter/scene/Unity.test.ts
FN:16,(anonymous_0)
FN:19,(anonymous_1)
FN:22,(anonymous_2)
FN:28,(anonymous_3)
FN:31,(anonymous_4)
FN:35,(anonymous_5)
FN:39,(anonymous_6)
FN:46,(anonymous_7)
FN:47,(anonymous_8)
FN:50,(anonymous_9)
FN:56,(anonymous_10)
FN:64,(anonymous_11)
FN:65,(anonymous_12)
FN:76,(anonymous_13)
FN:79,(anonymous_14)
FN:90,(anonymous_15)
FN:93,(anonymous_16)
FN:104,(anonymous_17)
FN:107,(anonymous_18)
FN:109,(anonymous_19)
FNF:20
FNH:18
FNDA:1,(anonymous_0)
FNDA:1,(anonymous_1)
FNDA:1,(anonymous_2)
FNDA:1,(anonymous_3)
FNDA:1,(anonymous_4)
FNDA:1,(anonymous_5)
FNDA:1,(anonymous_6)
FNDA:1,(anonymous_7)
FNDA:1,(anonymous_8)
FNDA:1,(anonymous_9)
FNDA:1,(anonymous_10)
FNDA:1,(anonymous_11)
FNDA:1,(anonymous_12)
FNDA:1,(anonymous_13)
FNDA:1,(anonymous_14)
FNDA:1,(anonymous_15)
FNDA:1,(anonymous_16)
FNDA:1,(anonymous_17)
FNDA:0,(anonymous_18)
FNDA:0,(anonymous_19)
DA:1,1
DA:2,1
DA:3,1
DA:4,1
DA:5,1
DA:7,1
DA:9,1
DA:11,1
DA:12,1
DA:14,1
DA:16,1
DA:17,1
DA:19,1
DA:20,1
DA:22,1
DA:23,1
DA:24,1
DA:28,1
DA:29,1
DA:31,1
DA:32,1
DA:33,1
DA:35,1
DA:36,1
DA:39,1
DA:40,1
DA:42,1
DA:43,1
DA:46,1
DA:47,1
DA:48,1
DA:50,1
DA:51,1
DA:53,1
DA:56,1
DA:57,1
DA:59,1
DA:60,1
DA:64,1
DA:65,1
DA:66,1
DA:68,1
DA:69,1
DA:71,1
DA:76,1
DA:77,1
DA:79,1
DA:80,1
DA:82,1
DA:83,1
DA:85,1
DA:86,1
DA:90,1
DA:91,1
DA:93,1
DA:94,1
DA:96,1
DA:97,1
DA:98,1
DA:99,1
DA:100,1
DA:101,1
DA:104,1
DA:105,1
DA:106,1
DA:107,1
DA:108,0
DA:109,0
DA:110,0
DA:113,0
LF:70
LH:66
BRF:0
BRH:0
end_of_record
