TN:
SF:/Users/kuwabara_yuki/workspace/git/scene-graph/packages/scene-graph-cocos/client/src/exporter/asset/DefaultAssetExporter.ts
FN:9,(anonymous_0)
FN:14,(anonymous_2)
FN:21,(anonymous_3)
FN:30,(anonymous_4)
FN:56,(anonymous_5)
FN:68,(anonymous_6)
FN:84,(anonymous_7)
FN:92,(anonymous_8)
FN:93,(anonymous_9)
FN:113,(anonymous_10)
FN:121,(anonymous_11)
FNF:11
FNH:11
FNDA:2,(anonymous_0)
FNDA:2,(anonymous_2)
FNDA:3,(anonymous_3)
FNDA:3,(anonymous_4)
FNDA:3,(anonymous_5)
FNDA:2,(anonymous_6)
FNDA:3,(anonymous_7)
FNDA:1,(anonymous_8)
FNDA:1,(anonymous_9)
FNDA:1,(anonymous_10)
FNDA:3,(anonymous_11)
DA:1,1
DA:9,1
DA:14,1
DA:15,2
DA:21,3
DA:28,3
DA:30,3
DA:31,3
DA:32,3
DA:33,3
DA:34,3
DA:35,3
DA:36,3
DA:41,3
DA:42,0
DA:49,3
DA:53,3
DA:56,3
DA:64,3
DA:65,1
DA:68,2
DA:69,2
DA:70,2
DA:72,0
DA:73,0
DA:84,1
DA:92,3
DA:93,1
DA:94,1
DA:95,1
DA:96,1
DA:97,1
DA:98,1
DA:101,1
DA:102,0
DA:103,0
DA:104,0
DA:111,3
DA:113,1
DA:114,1
DA:121,1
DA:125,3
DA:127,3
DA:129,3
DA:135,1
LF:45
LH:39
BRDA:34,0,0,3
BRDA:34,0,1,0
BRDA:35,1,0,3
BRDA:35,1,1,0
BRDA:41,2,0,0
BRDA:41,2,1,3
BRDA:64,3,0,1
BRDA:64,3,1,2
BRDA:70,4,0,2
BRDA:70,4,1,0
BRDA:94,5,0,1
BRDA:94,5,1,0
BRDA:95,6,0,1
BRDA:95,6,1,0
BRDA:97,7,0,1
BRDA:97,7,1,0
BRDA:101,8,0,0
BRDA:101,8,1,1
BRDA:103,9,0,0
BRDA:103,9,1,0
BRDA:111,10,0,2
BRDA:111,10,1,1
BRDA:125,11,0,0
BRDA:125,11,1,3
BRF:24
BRH:13
end_of_record
TN:
SF:/Users/kuwabara_yuki/workspace/git/scene-graph/packages/scene-graph-cocos/client/src/exporter/scene/DefaultSceneExporter.ts
FN:33,(anonymous_0)
FN:38,(anonymous_2)
FN:45,(anonymous_3)
FN:78,(anonymous_4)
FN:86,(anonymous_5)
FN:114,(anonymous_6)
FN:124,(anonymous_7)
FN:132,(anonymous_8)
FN:137,(anonymous_9)
FN:139,(anonymous_10)
FN:148,(anonymous_11)
FN:213,(anonymous_12)
FN:225,(anonymous_13)
FN:292,(anonymous_14)
FN:315,(anonymous_15)
FN:340,(anonymous_16)
FN:363,(anonymous_17)
FN:498,(anonymous_18)
FN:510,(anonymous_19)
FN:524,(anonymous_20)
FNF:20
FNH:14
FNDA:3,(anonymous_0)
FNDA:6,(anonymous_2)
FNDA:4,(anonymous_3)
FNDA:0,(anonymous_4)
FNDA:3,(anonymous_5)
FNDA:3,(anonymous_6)
FNDA:3,(anonymous_7)
FNDA:4,(anonymous_8)
FNDA:0,(anonymous_9)
FNDA:0,(anonymous_10)
FNDA:0,(anonymous_11)
FNDA:3,(anonymous_12)
FNDA:4,(anonymous_13)
FNDA:4,(anonymous_14)
FNDA:3,(anonymous_15)
FNDA:4,(anonymous_16)
FNDA:0,(anonymous_17)
FNDA:2,(anonymous_18)
FNDA:6,(anonymous_19)
FNDA:0,(anonymous_20)
DA:1,1
DA:5,1
DA:6,1
DA:13,1
DA:33,1
DA:38,1
DA:39,6
DA:45,1
DA:50,4
DA:52,4
DA:53,4
DA:55,4
DA:57,4
DA:58,4
DA:59,4
DA:61,4
DA:63,4
DA:65,4
DA:67,4
DA:68,2
DA:72,4
DA:78,1
DA:79,0
DA:80,0
DA:86,1
DA:87,3
DA:104,3
DA:106,3
DA:108,3
DA:114,1
DA:120,3
DA:121,0
DA:124,3
DA:125,3
DA:132,4
DA:135,4
DA:137,4
DA:138,0
DA:139,0
DA:142,4
DA:148,1
DA:149,0
DA:151,0
DA:152,0
DA:153,0
DA:157,0
DA:159,0
DA:160,0
DA:162,0
DA:165,0
DA:172,0
DA:173,0
DA:174,0
DA:177,0
DA:178,0
DA:179,0
DA:184,0
DA:187,0
DA:188,0
DA:189,0
DA:190,0
DA:191,0
DA:192,0
DA:200,0
DA:204,0
DA:206,0
DA:213,3
DA:214,3
DA:217,3
DA:218,3
DA:219,13
DA:220,13
DA:221,4
DA:225,3
DA:226,4
DA:227,4
DA:228,0
DA:231,4
DA:232,4
DA:233,4
DA:236,4
DA:237,4
DA:238,4
DA:239,2
DA:243,4
DA:244,4
DA:245,0
DA:246,0
DA:248,4
DA:249,2
DA:250,2
DA:251,2
DA:252,2
DA:254,4
DA:255,0
DA:257,4
DA:258,2
DA:261,4
DA:277,4
DA:280,4
DA:281,4
DA:282,2
DA:285,4
DA:292,1
DA:293,4
DA:295,4
DA:315,1
DA:316,3
DA:317,3
DA:318,1
DA:321,2
DA:322,2
DA:324,2
DA:325,2
DA:331,2
DA:340,1
DA:345,4
DA:346,0
DA:347,0
DA:348,0
DA:351,0
DA:352,0
DA:353,0
DA:356,0
DA:363,1
DA:368,0
DA:370,0
DA:371,0
DA:372,0
DA:375,0
DA:376,0
DA:377,0
DA:380,0
DA:382,0
DA:384,0
DA:385,0
DA:386,0
DA:387,0
DA:391,0
DA:392,0
DA:394,0
DA:396,0
DA:397,0
DA:398,0
DA:399,0
DA:400,0
DA:401,0
DA:402,0
DA:406,0
DA:407,0
DA:411,0
DA:412,0
DA:413,0
DA:416,0
DA:423,0
DA:424,0
DA:425,0
DA:426,0
DA:427,0
DA:430,0
DA:431,0
DA:432,0
DA:438,0
DA:446,0
DA:454,0
DA:457,0
DA:466,0
DA:467,0
DA:469,0
DA:471,0
DA:473,0
DA:476,0
DA:477,0
DA:492,0
DA:494,0
DA:498,1
DA:499,2
DA:504,2
DA:510,1
DA:511,6
DA:512,26
DA:513,26
DA:514,4
DA:518,2
DA:524,1
DA:525,0
DA:526,0
DA:527,0
DA:528,0
DA:529,0
DA:533,0
DA:535,1
LF:192
LH:95
BRDA:67,0,0,2
BRDA:67,0,1,2
BRDA:120,1,0,0
BRDA:120,1,1,3
BRDA:152,2,0,0
BRDA:152,2,1,0
BRDA:173,3,0,0
BRDA:173,3,1,0
BRDA:175,4,0,0
BRDA:175,4,1,0
BRDA:175,4,2,0
BRDA:175,4,3,0
BRDA:175,4,4,0
BRDA:185,5,0,0
BRDA:185,5,1,0
BRDA:220,6,0,4
BRDA:220,6,1,9
BRDA:227,7,0,0
BRDA:227,7,1,4
BRDA:227,8,0,4
BRDA:227,8,1,4
BRDA:236,9,0,4
BRDA:236,9,1,0
BRDA:238,10,0,2
BRDA:238,10,1,2
BRDA:244,11,0,0
BRDA:244,11,1,4
BRDA:248,12,0,2
BRDA:248,12,1,2
BRDA:249,13,0,2
BRDA:249,13,1,0
BRDA:250,14,0,2
BRDA:250,14,1,0
BRDA:254,15,0,0
BRDA:254,15,1,4
BRDA:257,16,0,2
BRDA:257,16,1,2
BRDA:257,17,0,4
BRDA:257,17,1,2
BRDA:317,18,0,1
BRDA:317,18,1,2
BRDA:347,19,0,0
BRDA:347,19,1,0
BRDA:352,20,0,0
BRDA:352,20,1,0
BRDA:369,21,0,0
BRDA:369,21,1,0
BRDA:369,21,2,0
BRDA:369,21,3,0
BRDA:371,22,0,0
BRDA:371,22,1,0
BRDA:376,23,0,0
BRDA:376,23,1,0
BRDA:384,24,0,0
BRDA:384,24,1,0
BRDA:386,25,0,0
BRDA:386,25,1,0
BRDA:399,26,0,0
BRDA:399,26,1,0
BRDA:406,27,0,0
BRDA:406,27,1,0
BRDA:412,28,0,0
BRDA:412,28,1,0
BRDA:426,29,0,0
BRDA:426,29,1,0
BRDA:438,30,0,0
BRDA:438,30,1,0
BRDA:439,31,0,0
BRDA:439,31,1,0
BRDA:439,31,2,0
BRDA:439,31,3,0
BRDA:439,31,4,0
BRDA:467,32,0,0
BRDA:467,32,1,0
BRDA:467,33,0,0
BRDA:467,33,1,0
BRDA:500,34,0,1
BRDA:500,34,1,1
BRDA:501,35,0,1
BRDA:501,35,1,1
BRDA:502,36,0,0
BRDA:502,36,1,2
BRDA:513,37,0,4
BRDA:513,37,1,22
BRDA:528,38,0,0
BRDA:528,38,1,0
BRF:86
BRH:30
end_of_record
TN:
SF:/Users/kuwabara_yuki/workspace/git/scene-graph/packages/scene-graph-cocos/client/src/interface/CocosCreator.ts
FNF:0
FNH:0
DA:5,1
DA:15,1
LF:2
LH:2
BRF:0
BRH:0
end_of_record
TN:
SF:/Users/kuwabara_yuki/workspace/git/scene-graph/packages/scene-graph-cocos/client/test/exporter/asset/CocosCreator.test.ts
FN:41,(anonymous_0)
FN:42,(anonymous_1)
FN:49,(anonymous_2)
FN:52,(anonymous_3)
FN:55,(anonymous_4)
FN:61,(anonymous_5)
FN:64,(anonymous_6)
FN:65,(anonymous_7)
FN:73,(anonymous_8)
FN:83,(anonymous_9)
FN:84,(anonymous_10)
FN:95,(anonymous_11)
FN:105,(anonymous_12)
FN:108,(anonymous_13)
FN:111,(anonymous_14)
FN:122,(anonymous_15)
FN:123,(anonymous_16)
FN:126,(anonymous_17)
FN:140,(anonymous_18)
FN:141,(anonymous_19)
FN:154,(anonymous_20)
FN:155,(anonymous_21)
FNF:22
FNH:20
FNDA:0,(anonymous_0)
FNDA:2,(anonymous_1)
FNDA:1,(anonymous_2)
FNDA:1,(anonymous_3)
FNDA:1,(anonymous_4)
FNDA:1,(anonymous_5)
FNDA:1,(anonymous_6)
FNDA:1,(anonymous_7)
FNDA:1,(anonymous_8)
FNDA:1,(anonymous_9)
FNDA:1,(anonymous_10)
FNDA:1,(anonymous_11)
FNDA:1,(anonymous_12)
FNDA:1,(anonymous_13)
FNDA:1,(anonymous_14)
FNDA:1,(anonymous_15)
FNDA:1,(anonymous_16)
FNDA:0,(anonymous_17)
FNDA:1,(anonymous_18)
FNDA:1,(anonymous_19)
FNDA:1,(anonymous_20)
FNDA:1,(anonymous_21)
DA:2,1
DA:3,1
DA:4,1
DA:8,1
DA:10,1
DA:11,1
DA:13,1
DA:26,1
DA:40,1
DA:43,2
DA:47,1
DA:49,1
DA:50,1
DA:52,1
DA:53,1
DA:55,1
DA:56,1
DA:57,1
DA:61,1
DA:62,1
DA:64,1
DA:65,1
DA:66,1
DA:68,1
DA:69,1
DA:71,1
DA:73,1
DA:74,1
DA:76,1
DA:77,1
DA:79,1
DA:83,1
DA:84,1
DA:85,1
DA:87,1
DA:88,1
DA:90,1
DA:95,1
DA:96,1
DA:97,1
DA:99,1
DA:105,1
DA:106,1
DA:108,1
DA:109,1
DA:111,1
DA:112,1
DA:114,1
DA:119,1
DA:122,1
DA:123,1
DA:124,1
DA:126,1
DA:127,0
DA:129,0
DA:134,0
DA:140,1
DA:141,1
DA:142,1
DA:144,1
DA:150,1
DA:154,1
DA:155,1
DA:156,1
DA:158,1
DA:160,1
LF:66
LH:63
BRF:0
BRH:0
end_of_record
TN:
SF:/Users/kuwabara_yuki/workspace/git/scene-graph/packages/scene-graph-cocos/client/test/exporter/scene/CocosCreator.test.ts
FN:11,(anonymous_0)
FN:15,(anonymous_1)
FN:18,(anonymous_2)
FN:24,(anonymous_3)
FN:29,(anonymous_4)
FN:35,(anonymous_5)
FN:40,(anonymous_6)
FN:47,(anonymous_7)
FN:48,(anonymous_8)
FN:51,(anonymous_9)
FN:57,(anonymous_10)
FN:65,(anonymous_11)
FN:66,(anonymous_12)
FN:77,(anonymous_13)
FN:80,(anonymous_14)
FN:91,(anonymous_15)
FN:94,(anonymous_16)
FN:104,(anonymous_17)
FN:106,(anonymous_18)
FN:112,(anonymous_19)
FN:114,(anonymous_20)
FN:121,(anonymous_21)
FN:124,(anonymous_22)
FN:128,(anonymous_23)
FN:138,(anonymous_24)
FN:140,(anonymous_25)
FNF:26
FNH:26
FNDA:1,(anonymous_0)
FNDA:1,(anonymous_1)
FNDA:1,(anonymous_2)
FNDA:1,(anonymous_3)
FNDA:1,(anonymous_4)
FNDA:1,(anonymous_5)
FNDA:1,(anonymous_6)
FNDA:1,(anonymous_7)
FNDA:1,(anonymous_8)
FNDA:1,(anonymous_9)
FNDA:1,(anonymous_10)
FNDA:1,(anonymous_11)
FNDA:1,(anonymous_12)
FNDA:1,(anonymous_13)
FNDA:1,(anonymous_14)
FNDA:1,(anonymous_15)
FNDA:1,(anonymous_16)
FNDA:1,(anonymous_17)
FNDA:6,(anonymous_18)
FNDA:1,(anonymous_19)
FNDA:2,(anonymous_20)
FNDA:1,(anonymous_21)
FNDA:1,(anonymous_22)
FNDA:1,(anonymous_23)
FNDA:1,(anonymous_24)
FNDA:1,(anonymous_25)
DA:1,1
DA:2,1
DA:3,1
DA:5,1
DA:7,1
DA:9,1
DA:11,1
DA:12,1
DA:15,1
DA:16,1
DA:18,1
DA:19,1
DA:20,1
DA:24,1
DA:25,1
DA:29,1
DA:30,1
DA:31,1
DA:33,1
DA:35,1
DA:36,1
DA:37,1
DA:40,1
DA:41,1
DA:43,1
DA:44,1
DA:47,1
DA:48,1
DA:49,1
DA:51,1
DA:52,1
DA:54,1
DA:57,1
DA:58,1
DA:60,1
DA:61,1
DA:65,1
DA:66,1
DA:67,1
DA:69,1
DA:70,1
DA:72,1
DA:77,1
DA:78,1
DA:80,1
DA:81,1
DA:83,1
DA:84,1
DA:86,1
DA:87,1
DA:91,1
DA:92,1
DA:94,1
DA:95,1
DA:97,1
DA:98,1
DA:99,1
DA:100,1
DA:101,1
DA:104,1
DA:105,1
DA:106,1
DA:107,6
DA:109,1
DA:112,1
DA:113,1
DA:114,1
DA:115,2
DA:116,2
DA:121,1
DA:122,1
DA:124,1
DA:126,1
DA:128,1
DA:129,1
DA:135,1
DA:138,1
DA:140,1
DA:141,1
DA:147,1
LF:80
LH:80
BRF:0
BRH:0
end_of_record
